[2021-06-29 08:08:37] local.ERROR: Target class [App\Http\Controllers\API\Auth\RegisteredUserController] does not exist. {"exception":"[object] (Illuminate\\Contracts\\Container\\BindingResolutionException(code: 0): Target class [App\\Http\\Controllers\\API\\Auth\\RegisteredUserController] does not exist. at /home/hassan/Projects/php/inter/vendor/laravel/framework/src/Illuminate/Container/Container.php:875)
[stacktrace]
#0 /home/hassan/Projects/php/inter/vendor/laravel/framework/src/Illuminate/Container/Container.php(754): Illuminate\\Container\\Container->build()
#1 /home/hassan/Projects/php/inter/vendor/laravel/framework/src/Illuminate/Foundation/Application.php(841): Illuminate\\Container\\Container->resolve()
#2 /home/hassan/Projects/php/inter/vendor/laravel/framework/src/Illuminate/Container/Container.php(692): Illuminate\\Foundation\\Application->resolve()
#3 /home/hassan/Projects/php/inter/vendor/laravel/framework/src/Illuminate/Foundation/Application.php(826): Illuminate\\Container\\Container->make()
#4 /home/hassan/Projects/php/inter/vendor/laravel/framework/src/Illuminate/Routing/Route.php(268): Illuminate\\Foundation\\Application->make()
#5 /home/hassan/Projects/php/inter/vendor/laravel/framework/src/Illuminate/Routing/Route.php(1019): Illuminate\\Routing\\Route->getController()
#6 /home/hassan/Projects/php/inter/vendor/laravel/framework/src/Illuminate/Routing/Route.php(980): Illuminate\\Routing\\Route->controllerMiddleware()
#7 /home/hassan/Projects/php/inter/vendor/laravel/framework/src/Illuminate/Routing/Router.php(708): Illuminate\\Routing\\Route->gatherMiddleware()
#8 /home/hassan/Projects/php/inter/vendor/laravel/framework/src/Illuminate/Foundation/Console/RouteListCommand.php(175): Illuminate\\Routing\\Router->gatherRouteMiddleware()
#9 /home/hassan/Projects/php/inter/vendor/laravel/framework/src/Illuminate/Foundation/Console/RouteListCommand.php(119): Illuminate\\Foundation\\Console\\RouteListCommand->getMiddleware()
#10 /home/hassan/Projects/php/inter/vendor/laravel/framework/src/Illuminate/Foundation/Console/RouteListCommand.php(91): Illuminate\\Foundation\\Console\\RouteListCommand->getRouteInformation()
#11 [internal function]: Illuminate\\Foundation\\Console\\RouteListCommand->Illuminate\\Foundation\\Console\\{closure}()
#12 /home/hassan/Projects/php/inter/vendor/laravel/framework/src/Illuminate/Collections/Collection.php(642): array_map()
#13 /home/hassan/Projects/php/inter/vendor/laravel/framework/src/Illuminate/Foundation/Console/RouteListCommand.php(92): Illuminate\\Support\\Collection->map()
#14 /home/hassan/Projects/php/inter/vendor/laravel/framework/src/Illuminate/Foundation/Console/RouteListCommand.php(76): Illuminate\\Foundation\\Console\\RouteListCommand->getRoutes()
#15 /home/hassan/Projects/php/inter/vendor/laravel/framework/src/Illuminate/Container/BoundMethod.php(36): Illuminate\\Foundation\\Console\\RouteListCommand->handle()
#16 /home/hassan/Projects/php/inter/vendor/laravel/framework/src/Illuminate/Container/Util.php(40): Illuminate\\Container\\BoundMethod::Illuminate\\Container\\{closure}()
#17 /home/hassan/Projects/php/inter/vendor/laravel/framework/src/Illuminate/Container/BoundMethod.php(93): Illuminate\\Container\\Util::unwrapIfClosure()
#18 /home/hassan/Projects/php/inter/vendor/laravel/framework/src/Illuminate/Container/BoundMethod.php(37): Illuminate\\Container\\BoundMethod::callBoundMethod()
#19 /home/hassan/Projects/php/inter/vendor/laravel/framework/src/Illuminate/Container/Container.php(651): Illuminate\\Container\\BoundMethod::call()
#20 /home/hassan/Projects/php/inter/vendor/laravel/framework/src/Illuminate/Console/Command.php(136): Illuminate\\Container\\Container->call()
#21 /home/hassan/Projects/php/inter/vendor/symfony/console/Command/Command.php(299): Illuminate\\Console\\Command->execute()
#22 /home/hassan/Projects/php/inter/vendor/laravel/framework/src/Illuminate/Console/Command.php(121): Symfony\\Component\\Console\\Command\\Command->run()
#23 /home/hassan/Projects/php/inter/vendor/symfony/console/Application.php(978): Illuminate\\Console\\Command->run()
#24 /home/hassan/Projects/php/inter/vendor/symfony/console/Application.php(295): Symfony\\Component\\Console\\Application->doRunCommand()
#25 /home/hassan/Projects/php/inter/vendor/symfony/console/Application.php(167): Symfony\\Component\\Console\\Application->doRun()
#26 /home/hassan/Projects/php/inter/vendor/laravel/framework/src/Illuminate/Console/Application.php(92): Symfony\\Component\\Console\\Application->run()
#27 /home/hassan/Projects/php/inter/vendor/laravel/framework/src/Illuminate/Foundation/Console/Kernel.php(129): Illuminate\\Console\\Application->run()
#28 /home/hassan/Projects/php/inter/artisan(36): Illuminate\\Foundation\\Console\\Kernel->handle()
#29 {main}

[previous exception] [object] (ReflectionException(code: -1): Class \"App\\Http\\Controllers\\API\\Auth\\RegisteredUserController\" does not exist at /home/hassan/Projects/php/inter/vendor/laravel/framework/src/Illuminate/Container/Container.php:873)
[stacktrace]
#0 /home/hassan/Projects/php/inter/vendor/laravel/framework/src/Illuminate/Container/Container.php(873): ReflectionClass->__construct()
#1 /home/hassan/Projects/php/inter/vendor/laravel/framework/src/Illuminate/Container/Container.php(754): Illuminate\\Container\\Container->build()
#2 /home/hassan/Projects/php/inter/vendor/laravel/framework/src/Illuminate/Foundation/Application.php(841): Illuminate\\Container\\Container->resolve()
#3 /home/hassan/Projects/php/inter/vendor/laravel/framework/src/Illuminate/Container/Container.php(692): Illuminate\\Foundation\\Application->resolve()
#4 /home/hassan/Projects/php/inter/vendor/laravel/framework/src/Illuminate/Foundation/Application.php(826): Illuminate\\Container\\Container->make()
#5 /home/hassan/Projects/php/inter/vendor/laravel/framework/src/Illuminate/Routing/Route.php(268): Illuminate\\Foundation\\Application->make()
#6 /home/hassan/Projects/php/inter/vendor/laravel/framework/src/Illuminate/Routing/Route.php(1019): Illuminate\\Routing\\Route->getController()
#7 /home/hassan/Projects/php/inter/vendor/laravel/framework/src/Illuminate/Routing/Route.php(980): Illuminate\\Routing\\Route->controllerMiddleware()
#8 /home/hassan/Projects/php/inter/vendor/laravel/framework/src/Illuminate/Routing/Router.php(708): Illuminate\\Routing\\Route->gatherMiddleware()
#9 /home/hassan/Projects/php/inter/vendor/laravel/framework/src/Illuminate/Foundation/Console/RouteListCommand.php(175): Illuminate\\Routing\\Router->gatherRouteMiddleware()
#10 /home/hassan/Projects/php/inter/vendor/laravel/framework/src/Illuminate/Foundation/Console/RouteListCommand.php(119): Illuminate\\Foundation\\Console\\RouteListCommand->getMiddleware()
#11 /home/hassan/Projects/php/inter/vendor/laravel/framework/src/Illuminate/Foundation/Console/RouteListCommand.php(91): Illuminate\\Foundation\\Console\\RouteListCommand->getRouteInformation()
#12 [internal function]: Illuminate\\Foundation\\Console\\RouteListCommand->Illuminate\\Foundation\\Console\\{closure}()
#13 /home/hassan/Projects/php/inter/vendor/laravel/framework/src/Illuminate/Collections/Collection.php(642): array_map()
#14 /home/hassan/Projects/php/inter/vendor/laravel/framework/src/Illuminate/Foundation/Console/RouteListCommand.php(92): Illuminate\\Support\\Collection->map()
#15 /home/hassan/Projects/php/inter/vendor/laravel/framework/src/Illuminate/Foundation/Console/RouteListCommand.php(76): Illuminate\\Foundation\\Console\\RouteListCommand->getRoutes()
#16 /home/hassan/Projects/php/inter/vendor/laravel/framework/src/Illuminate/Container/BoundMethod.php(36): Illuminate\\Foundation\\Console\\RouteListCommand->handle()
#17 /home/hassan/Projects/php/inter/vendor/laravel/framework/src/Illuminate/Container/Util.php(40): Illuminate\\Container\\BoundMethod::Illuminate\\Container\\{closure}()
#18 /home/hassan/Projects/php/inter/vendor/laravel/framework/src/Illuminate/Container/BoundMethod.php(93): Illuminate\\Container\\Util::unwrapIfClosure()
#19 /home/hassan/Projects/php/inter/vendor/laravel/framework/src/Illuminate/Container/BoundMethod.php(37): Illuminate\\Container\\BoundMethod::callBoundMethod()
#20 /home/hassan/Projects/php/inter/vendor/laravel/framework/src/Illuminate/Container/Container.php(651): Illuminate\\Container\\BoundMethod::call()
#21 /home/hassan/Projects/php/inter/vendor/laravel/framework/src/Illuminate/Console/Command.php(136): Illuminate\\Container\\Container->call()
#22 /home/hassan/Projects/php/inter/vendor/symfony/console/Command/Command.php(299): Illuminate\\Console\\Command->execute()
#23 /home/hassan/Projects/php/inter/vendor/laravel/framework/src/Illuminate/Console/Command.php(121): Symfony\\Component\\Console\\Command\\Command->run()
#24 /home/hassan/Projects/php/inter/vendor/symfony/console/Application.php(978): Illuminate\\Console\\Command->run()
#25 /home/hassan/Projects/php/inter/vendor/symfony/console/Application.php(295): Symfony\\Component\\Console\\Application->doRunCommand()
#26 /home/hassan/Projects/php/inter/vendor/symfony/console/Application.php(167): Symfony\\Component\\Console\\Application->doRun()
#27 /home/hassan/Projects/php/inter/vendor/laravel/framework/src/Illuminate/Console/Application.php(92): Symfony\\Component\\Console\\Application->run()
#28 /home/hassan/Projects/php/inter/vendor/laravel/framework/src/Illuminate/Foundation/Console/Kernel.php(129): Illuminate\\Console\\Application->run()
#29 /home/hassan/Projects/php/inter/artisan(36): Illuminate\\Foundation\\Console\\Kernel->handle()
#30 {main}
"} 
[2021-06-29 08:09:36] local.ERROR: Target class [App\Http\Controllers\API\Auth\RegisteredUserController] does not exist. {"exception":"[object] (Illuminate\\Contracts\\Container\\BindingResolutionException(code: 0): Target class [App\\Http\\Controllers\\API\\Auth\\RegisteredUserController] does not exist. at /home/hassan/Projects/php/inter/vendor/laravel/framework/src/Illuminate/Container/Container.php:875)
[stacktrace]
#0 /home/hassan/Projects/php/inter/vendor/laravel/framework/src/Illuminate/Container/Container.php(754): Illuminate\\Container\\Container->build()
#1 /home/hassan/Projects/php/inter/vendor/laravel/framework/src/Illuminate/Foundation/Application.php(841): Illuminate\\Container\\Container->resolve()
#2 /home/hassan/Projects/php/inter/vendor/laravel/framework/src/Illuminate/Container/Container.php(692): Illuminate\\Foundation\\Application->resolve()
#3 /home/hassan/Projects/php/inter/vendor/laravel/framework/src/Illuminate/Foundation/Application.php(826): Illuminate\\Container\\Container->make()
#4 /home/hassan/Projects/php/inter/vendor/laravel/framework/src/Illuminate/Routing/Route.php(268): Illuminate\\Foundation\\Application->make()
#5 /home/hassan/Projects/php/inter/vendor/laravel/framework/src/Illuminate/Routing/Route.php(1019): Illuminate\\Routing\\Route->getController()
#6 /home/hassan/Projects/php/inter/vendor/laravel/framework/src/Illuminate/Routing/Route.php(980): Illuminate\\Routing\\Route->controllerMiddleware()
#7 /home/hassan/Projects/php/inter/vendor/laravel/framework/src/Illuminate/Routing/Router.php(708): Illuminate\\Routing\\Route->gatherMiddleware()
#8 /home/hassan/Projects/php/inter/vendor/laravel/framework/src/Illuminate/Foundation/Console/RouteListCommand.php(175): Illuminate\\Routing\\Router->gatherRouteMiddleware()
#9 /home/hassan/Projects/php/inter/vendor/laravel/framework/src/Illuminate/Foundation/Console/RouteListCommand.php(119): Illuminate\\Foundation\\Console\\RouteListCommand->getMiddleware()
#10 /home/hassan/Projects/php/inter/vendor/laravel/framework/src/Illuminate/Foundation/Console/RouteListCommand.php(91): Illuminate\\Foundation\\Console\\RouteListCommand->getRouteInformation()
#11 [internal function]: Illuminate\\Foundation\\Console\\RouteListCommand->Illuminate\\Foundation\\Console\\{closure}()
#12 /home/hassan/Projects/php/inter/vendor/laravel/framework/src/Illuminate/Collections/Collection.php(642): array_map()
#13 /home/hassan/Projects/php/inter/vendor/laravel/framework/src/Illuminate/Foundation/Console/RouteListCommand.php(92): Illuminate\\Support\\Collection->map()
#14 /home/hassan/Projects/php/inter/vendor/laravel/framework/src/Illuminate/Foundation/Console/RouteListCommand.php(76): Illuminate\\Foundation\\Console\\RouteListCommand->getRoutes()
#15 /home/hassan/Projects/php/inter/vendor/laravel/framework/src/Illuminate/Container/BoundMethod.php(36): Illuminate\\Foundation\\Console\\RouteListCommand->handle()
#16 /home/hassan/Projects/php/inter/vendor/laravel/framework/src/Illuminate/Container/Util.php(40): Illuminate\\Container\\BoundMethod::Illuminate\\Container\\{closure}()
#17 /home/hassan/Projects/php/inter/vendor/laravel/framework/src/Illuminate/Container/BoundMethod.php(93): Illuminate\\Container\\Util::unwrapIfClosure()
#18 /home/hassan/Projects/php/inter/vendor/laravel/framework/src/Illuminate/Container/BoundMethod.php(37): Illuminate\\Container\\BoundMethod::callBoundMethod()
#19 /home/hassan/Projects/php/inter/vendor/laravel/framework/src/Illuminate/Container/Container.php(651): Illuminate\\Container\\BoundMethod::call()
#20 /home/hassan/Projects/php/inter/vendor/laravel/framework/src/Illuminate/Console/Command.php(136): Illuminate\\Container\\Container->call()
#21 /home/hassan/Projects/php/inter/vendor/symfony/console/Command/Command.php(299): Illuminate\\Console\\Command->execute()
#22 /home/hassan/Projects/php/inter/vendor/laravel/framework/src/Illuminate/Console/Command.php(121): Symfony\\Component\\Console\\Command\\Command->run()
#23 /home/hassan/Projects/php/inter/vendor/symfony/console/Application.php(978): Illuminate\\Console\\Command->run()
#24 /home/hassan/Projects/php/inter/vendor/symfony/console/Application.php(295): Symfony\\Component\\Console\\Application->doRunCommand()
#25 /home/hassan/Projects/php/inter/vendor/symfony/console/Application.php(167): Symfony\\Component\\Console\\Application->doRun()
#26 /home/hassan/Projects/php/inter/vendor/laravel/framework/src/Illuminate/Console/Application.php(92): Symfony\\Component\\Console\\Application->run()
#27 /home/hassan/Projects/php/inter/vendor/laravel/framework/src/Illuminate/Foundation/Console/Kernel.php(129): Illuminate\\Console\\Application->run()
#28 /home/hassan/Projects/php/inter/artisan(36): Illuminate\\Foundation\\Console\\Kernel->handle()
#29 {main}

[previous exception] [object] (ReflectionException(code: -1): Class \"App\\Http\\Controllers\\API\\Auth\\RegisteredUserController\" does not exist at /home/hassan/Projects/php/inter/vendor/laravel/framework/src/Illuminate/Container/Container.php:873)
[stacktrace]
#0 /home/hassan/Projects/php/inter/vendor/laravel/framework/src/Illuminate/Container/Container.php(873): ReflectionClass->__construct()
#1 /home/hassan/Projects/php/inter/vendor/laravel/framework/src/Illuminate/Container/Container.php(754): Illuminate\\Container\\Container->build()
#2 /home/hassan/Projects/php/inter/vendor/laravel/framework/src/Illuminate/Foundation/Application.php(841): Illuminate\\Container\\Container->resolve()
#3 /home/hassan/Projects/php/inter/vendor/laravel/framework/src/Illuminate/Container/Container.php(692): Illuminate\\Foundation\\Application->resolve()
#4 /home/hassan/Projects/php/inter/vendor/laravel/framework/src/Illuminate/Foundation/Application.php(826): Illuminate\\Container\\Container->make()
#5 /home/hassan/Projects/php/inter/vendor/laravel/framework/src/Illuminate/Routing/Route.php(268): Illuminate\\Foundation\\Application->make()
#6 /home/hassan/Projects/php/inter/vendor/laravel/framework/src/Illuminate/Routing/Route.php(1019): Illuminate\\Routing\\Route->getController()
#7 /home/hassan/Projects/php/inter/vendor/laravel/framework/src/Illuminate/Routing/Route.php(980): Illuminate\\Routing\\Route->controllerMiddleware()
#8 /home/hassan/Projects/php/inter/vendor/laravel/framework/src/Illuminate/Routing/Router.php(708): Illuminate\\Routing\\Route->gatherMiddleware()
#9 /home/hassan/Projects/php/inter/vendor/laravel/framework/src/Illuminate/Foundation/Console/RouteListCommand.php(175): Illuminate\\Routing\\Router->gatherRouteMiddleware()
#10 /home/hassan/Projects/php/inter/vendor/laravel/framework/src/Illuminate/Foundation/Console/RouteListCommand.php(119): Illuminate\\Foundation\\Console\\RouteListCommand->getMiddleware()
#11 /home/hassan/Projects/php/inter/vendor/laravel/framework/src/Illuminate/Foundation/Console/RouteListCommand.php(91): Illuminate\\Foundation\\Console\\RouteListCommand->getRouteInformation()
#12 [internal function]: Illuminate\\Foundation\\Console\\RouteListCommand->Illuminate\\Foundation\\Console\\{closure}()
#13 /home/hassan/Projects/php/inter/vendor/laravel/framework/src/Illuminate/Collections/Collection.php(642): array_map()
#14 /home/hassan/Projects/php/inter/vendor/laravel/framework/src/Illuminate/Foundation/Console/RouteListCommand.php(92): Illuminate\\Support\\Collection->map()
#15 /home/hassan/Projects/php/inter/vendor/laravel/framework/src/Illuminate/Foundation/Console/RouteListCommand.php(76): Illuminate\\Foundation\\Console\\RouteListCommand->getRoutes()
#16 /home/hassan/Projects/php/inter/vendor/laravel/framework/src/Illuminate/Container/BoundMethod.php(36): Illuminate\\Foundation\\Console\\RouteListCommand->handle()
#17 /home/hassan/Projects/php/inter/vendor/laravel/framework/src/Illuminate/Container/Util.php(40): Illuminate\\Container\\BoundMethod::Illuminate\\Container\\{closure}()
#18 /home/hassan/Projects/php/inter/vendor/laravel/framework/src/Illuminate/Container/BoundMethod.php(93): Illuminate\\Container\\Util::unwrapIfClosure()
#19 /home/hassan/Projects/php/inter/vendor/laravel/framework/src/Illuminate/Container/BoundMethod.php(37): Illuminate\\Container\\BoundMethod::callBoundMethod()
#20 /home/hassan/Projects/php/inter/vendor/laravel/framework/src/Illuminate/Container/Container.php(651): Illuminate\\Container\\BoundMethod::call()
#21 /home/hassan/Projects/php/inter/vendor/laravel/framework/src/Illuminate/Console/Command.php(136): Illuminate\\Container\\Container->call()
#22 /home/hassan/Projects/php/inter/vendor/symfony/console/Command/Command.php(299): Illuminate\\Console\\Command->execute()
#23 /home/hassan/Projects/php/inter/vendor/laravel/framework/src/Illuminate/Console/Command.php(121): Symfony\\Component\\Console\\Command\\Command->run()
#24 /home/hassan/Projects/php/inter/vendor/symfony/console/Application.php(978): Illuminate\\Console\\Command->run()
#25 /home/hassan/Projects/php/inter/vendor/symfony/console/Application.php(295): Symfony\\Component\\Console\\Application->doRunCommand()
#26 /home/hassan/Projects/php/inter/vendor/symfony/console/Application.php(167): Symfony\\Component\\Console\\Application->doRun()
#27 /home/hassan/Projects/php/inter/vendor/laravel/framework/src/Illuminate/Console/Application.php(92): Symfony\\Component\\Console\\Application->run()
#28 /home/hassan/Projects/php/inter/vendor/laravel/framework/src/Illuminate/Foundation/Console/Kernel.php(129): Illuminate\\Console\\Application->run()
#29 /home/hassan/Projects/php/inter/artisan(36): Illuminate\\Foundation\\Console\\Kernel->handle()
#30 {main}
"} 
[2021-06-29 08:09:49] local.ERROR: Target class [App\Http\Controllers\API\Auth\RegisteredUserController] does not exist. {"exception":"[object] (Illuminate\\Contracts\\Container\\BindingResolutionException(code: 0): Target class [App\\Http\\Controllers\\API\\Auth\\RegisteredUserController] does not exist. at /home/hassan/Projects/php/inter/vendor/laravel/framework/src/Illuminate/Container/Container.php:875)
[stacktrace]
#0 /home/hassan/Projects/php/inter/vendor/laravel/framework/src/Illuminate/Container/Container.php(754): Illuminate\\Container\\Container->build()
#1 /home/hassan/Projects/php/inter/vendor/laravel/framework/src/Illuminate/Foundation/Application.php(841): Illuminate\\Container\\Container->resolve()
#2 /home/hassan/Projects/php/inter/vendor/laravel/framework/src/Illuminate/Container/Container.php(692): Illuminate\\Foundation\\Application->resolve()
#3 /home/hassan/Projects/php/inter/vendor/laravel/framework/src/Illuminate/Foundation/Application.php(826): Illuminate\\Container\\Container->make()
#4 /home/hassan/Projects/php/inter/vendor/laravel/framework/src/Illuminate/Routing/Route.php(268): Illuminate\\Foundation\\Application->make()
#5 /home/hassan/Projects/php/inter/vendor/laravel/framework/src/Illuminate/Routing/Route.php(1019): Illuminate\\Routing\\Route->getController()
#6 /home/hassan/Projects/php/inter/vendor/laravel/framework/src/Illuminate/Routing/Route.php(980): Illuminate\\Routing\\Route->controllerMiddleware()
#7 /home/hassan/Projects/php/inter/vendor/laravel/framework/src/Illuminate/Routing/Router.php(708): Illuminate\\Routing\\Route->gatherMiddleware()
#8 /home/hassan/Projects/php/inter/vendor/laravel/framework/src/Illuminate/Foundation/Console/RouteListCommand.php(175): Illuminate\\Routing\\Router->gatherRouteMiddleware()
#9 /home/hassan/Projects/php/inter/vendor/laravel/framework/src/Illuminate/Foundation/Console/RouteListCommand.php(119): Illuminate\\Foundation\\Console\\RouteListCommand->getMiddleware()
#10 /home/hassan/Projects/php/inter/vendor/laravel/framework/src/Illuminate/Foundation/Console/RouteListCommand.php(91): Illuminate\\Foundation\\Console\\RouteListCommand->getRouteInformation()
#11 [internal function]: Illuminate\\Foundation\\Console\\RouteListCommand->Illuminate\\Foundation\\Console\\{closure}()
#12 /home/hassan/Projects/php/inter/vendor/laravel/framework/src/Illuminate/Collections/Collection.php(642): array_map()
#13 /home/hassan/Projects/php/inter/vendor/laravel/framework/src/Illuminate/Foundation/Console/RouteListCommand.php(92): Illuminate\\Support\\Collection->map()
#14 /home/hassan/Projects/php/inter/vendor/laravel/framework/src/Illuminate/Foundation/Console/RouteListCommand.php(76): Illuminate\\Foundation\\Console\\RouteListCommand->getRoutes()
#15 /home/hassan/Projects/php/inter/vendor/laravel/framework/src/Illuminate/Container/BoundMethod.php(36): Illuminate\\Foundation\\Console\\RouteListCommand->handle()
#16 /home/hassan/Projects/php/inter/vendor/laravel/framework/src/Illuminate/Container/Util.php(40): Illuminate\\Container\\BoundMethod::Illuminate\\Container\\{closure}()
#17 /home/hassan/Projects/php/inter/vendor/laravel/framework/src/Illuminate/Container/BoundMethod.php(93): Illuminate\\Container\\Util::unwrapIfClosure()
#18 /home/hassan/Projects/php/inter/vendor/laravel/framework/src/Illuminate/Container/BoundMethod.php(37): Illuminate\\Container\\BoundMethod::callBoundMethod()
#19 /home/hassan/Projects/php/inter/vendor/laravel/framework/src/Illuminate/Container/Container.php(651): Illuminate\\Container\\BoundMethod::call()
#20 /home/hassan/Projects/php/inter/vendor/laravel/framework/src/Illuminate/Console/Command.php(136): Illuminate\\Container\\Container->call()
#21 /home/hassan/Projects/php/inter/vendor/symfony/console/Command/Command.php(299): Illuminate\\Console\\Command->execute()
#22 /home/hassan/Projects/php/inter/vendor/laravel/framework/src/Illuminate/Console/Command.php(121): Symfony\\Component\\Console\\Command\\Command->run()
#23 /home/hassan/Projects/php/inter/vendor/symfony/console/Application.php(978): Illuminate\\Console\\Command->run()
#24 /home/hassan/Projects/php/inter/vendor/symfony/console/Application.php(295): Symfony\\Component\\Console\\Application->doRunCommand()
#25 /home/hassan/Projects/php/inter/vendor/symfony/console/Application.php(167): Symfony\\Component\\Console\\Application->doRun()
#26 /home/hassan/Projects/php/inter/vendor/laravel/framework/src/Illuminate/Console/Application.php(92): Symfony\\Component\\Console\\Application->run()
#27 /home/hassan/Projects/php/inter/vendor/laravel/framework/src/Illuminate/Foundation/Console/Kernel.php(129): Illuminate\\Console\\Application->run()
#28 /home/hassan/Projects/php/inter/artisan(36): Illuminate\\Foundation\\Console\\Kernel->handle()
#29 {main}

[previous exception] [object] (ReflectionException(code: -1): Class \"App\\Http\\Controllers\\API\\Auth\\RegisteredUserController\" does not exist at /home/hassan/Projects/php/inter/vendor/laravel/framework/src/Illuminate/Container/Container.php:873)
[stacktrace]
#0 /home/hassan/Projects/php/inter/vendor/laravel/framework/src/Illuminate/Container/Container.php(873): ReflectionClass->__construct()
#1 /home/hassan/Projects/php/inter/vendor/laravel/framework/src/Illuminate/Container/Container.php(754): Illuminate\\Container\\Container->build()
#2 /home/hassan/Projects/php/inter/vendor/laravel/framework/src/Illuminate/Foundation/Application.php(841): Illuminate\\Container\\Container->resolve()
#3 /home/hassan/Projects/php/inter/vendor/laravel/framework/src/Illuminate/Container/Container.php(692): Illuminate\\Foundation\\Application->resolve()
#4 /home/hassan/Projects/php/inter/vendor/laravel/framework/src/Illuminate/Foundation/Application.php(826): Illuminate\\Container\\Container->make()
#5 /home/hassan/Projects/php/inter/vendor/laravel/framework/src/Illuminate/Routing/Route.php(268): Illuminate\\Foundation\\Application->make()
#6 /home/hassan/Projects/php/inter/vendor/laravel/framework/src/Illuminate/Routing/Route.php(1019): Illuminate\\Routing\\Route->getController()
#7 /home/hassan/Projects/php/inter/vendor/laravel/framework/src/Illuminate/Routing/Route.php(980): Illuminate\\Routing\\Route->controllerMiddleware()
#8 /home/hassan/Projects/php/inter/vendor/laravel/framework/src/Illuminate/Routing/Router.php(708): Illuminate\\Routing\\Route->gatherMiddleware()
#9 /home/hassan/Projects/php/inter/vendor/laravel/framework/src/Illuminate/Foundation/Console/RouteListCommand.php(175): Illuminate\\Routing\\Router->gatherRouteMiddleware()
#10 /home/hassan/Projects/php/inter/vendor/laravel/framework/src/Illuminate/Foundation/Console/RouteListCommand.php(119): Illuminate\\Foundation\\Console\\RouteListCommand->getMiddleware()
#11 /home/hassan/Projects/php/inter/vendor/laravel/framework/src/Illuminate/Foundation/Console/RouteListCommand.php(91): Illuminate\\Foundation\\Console\\RouteListCommand->getRouteInformation()
#12 [internal function]: Illuminate\\Foundation\\Console\\RouteListCommand->Illuminate\\Foundation\\Console\\{closure}()
#13 /home/hassan/Projects/php/inter/vendor/laravel/framework/src/Illuminate/Collections/Collection.php(642): array_map()
#14 /home/hassan/Projects/php/inter/vendor/laravel/framework/src/Illuminate/Foundation/Console/RouteListCommand.php(92): Illuminate\\Support\\Collection->map()
#15 /home/hassan/Projects/php/inter/vendor/laravel/framework/src/Illuminate/Foundation/Console/RouteListCommand.php(76): Illuminate\\Foundation\\Console\\RouteListCommand->getRoutes()
#16 /home/hassan/Projects/php/inter/vendor/laravel/framework/src/Illuminate/Container/BoundMethod.php(36): Illuminate\\Foundation\\Console\\RouteListCommand->handle()
#17 /home/hassan/Projects/php/inter/vendor/laravel/framework/src/Illuminate/Container/Util.php(40): Illuminate\\Container\\BoundMethod::Illuminate\\Container\\{closure}()
#18 /home/hassan/Projects/php/inter/vendor/laravel/framework/src/Illuminate/Container/BoundMethod.php(93): Illuminate\\Container\\Util::unwrapIfClosure()
#19 /home/hassan/Projects/php/inter/vendor/laravel/framework/src/Illuminate/Container/BoundMethod.php(37): Illuminate\\Container\\BoundMethod::callBoundMethod()
#20 /home/hassan/Projects/php/inter/vendor/laravel/framework/src/Illuminate/Container/Container.php(651): Illuminate\\Container\\BoundMethod::call()
#21 /home/hassan/Projects/php/inter/vendor/laravel/framework/src/Illuminate/Console/Command.php(136): Illuminate\\Container\\Container->call()
#22 /home/hassan/Projects/php/inter/vendor/symfony/console/Command/Command.php(299): Illuminate\\Console\\Command->execute()
#23 /home/hassan/Projects/php/inter/vendor/laravel/framework/src/Illuminate/Console/Command.php(121): Symfony\\Component\\Console\\Command\\Command->run()
#24 /home/hassan/Projects/php/inter/vendor/symfony/console/Application.php(978): Illuminate\\Console\\Command->run()
#25 /home/hassan/Projects/php/inter/vendor/symfony/console/Application.php(295): Symfony\\Component\\Console\\Application->doRunCommand()
#26 /home/hassan/Projects/php/inter/vendor/symfony/console/Application.php(167): Symfony\\Component\\Console\\Application->doRun()
#27 /home/hassan/Projects/php/inter/vendor/laravel/framework/src/Illuminate/Console/Application.php(92): Symfony\\Component\\Console\\Application->run()
#28 /home/hassan/Projects/php/inter/vendor/laravel/framework/src/Illuminate/Foundation/Console/Kernel.php(129): Illuminate\\Console\\Application->run()
#29 /home/hassan/Projects/php/inter/artisan(36): Illuminate\\Foundation\\Console\\Kernel->handle()
#30 {main}
"} 
[2021-06-29 08:23:45] local.ERROR: Call to undefined method App\Models\User::tokens() {"exception":"[object] (BadMethodCallException(code: 0): Call to undefined method App\\Models\\User::tokens() at /home/hassan/Projects/php/inter/vendor/laravel/framework/src/Illuminate/Support/Traits/ForwardsCalls.php:50)
[stacktrace]
#0 /home/hassan/Projects/php/inter/vendor/laravel/framework/src/Illuminate/Support/Traits/ForwardsCalls.php(36): Illuminate\\Database\\Eloquent\\Model::throwBadMethodCallException()
#1 /home/hassan/Projects/php/inter/vendor/laravel/framework/src/Illuminate/Database/Eloquent/Model.php(1991): Illuminate\\Database\\Eloquent\\Model->forwardCallTo()
#2 /home/hassan/Projects/php/inter/app/Http/Controllers/Auth/AuthenticatedSessionController.php(33): Illuminate\\Database\\Eloquent\\Model->__call()
#3 /home/hassan/Projects/php/inter/vendor/laravel/framework/src/Illuminate/Routing/Controller.php(54): App\\Http\\Controllers\\Auth\\AuthenticatedSessionController->authenticate()
#4 /home/hassan/Projects/php/inter/vendor/laravel/framework/src/Illuminate/Routing/ControllerDispatcher.php(45): Illuminate\\Routing\\Controller->callAction()
#5 /home/hassan/Projects/php/inter/vendor/laravel/framework/src/Illuminate/Routing/Route.php(254): Illuminate\\Routing\\ControllerDispatcher->dispatch()
#6 /home/hassan/Projects/php/inter/vendor/laravel/framework/src/Illuminate/Routing/Route.php(197): Illuminate\\Routing\\Route->runController()
#7 /home/hassan/Projects/php/inter/vendor/laravel/framework/src/Illuminate/Routing/Router.php(695): Illuminate\\Routing\\Route->run()
#8 /home/hassan/Projects/php/inter/vendor/laravel/framework/src/Illuminate/Pipeline/Pipeline.php(128): Illuminate\\Routing\\Router->Illuminate\\Routing\\{closure}()
#9 /home/hassan/Projects/php/inter/app/Http/Middleware/RedirectIfAuthenticated.php(33): Illuminate\\Pipeline\\Pipeline->Illuminate\\Pipeline\\{closure}()
#10 /home/hassan/Projects/php/inter/vendor/laravel/framework/src/Illuminate/Pipeline/Pipeline.php(167): App\\Http\\Middleware\\RedirectIfAuthenticated->handle()
#11 /home/hassan/Projects/php/inter/vendor/laravel/framework/src/Illuminate/Pipeline/Pipeline.php(103): Illuminate\\Pipeline\\Pipeline->Illuminate\\Pipeline\\{closure}()
#12 /home/hassan/Projects/php/inter/vendor/laravel/framework/src/Illuminate/Routing/Router.php(697): Illuminate\\Pipeline\\Pipeline->then()
#13 /home/hassan/Projects/php/inter/vendor/laravel/framework/src/Illuminate/Routing/Router.php(672): Illuminate\\Routing\\Router->runRouteWithinStack()
#14 /home/hassan/Projects/php/inter/vendor/laravel/framework/src/Illuminate/Routing/Router.php(636): Illuminate\\Routing\\Router->runRoute()
#15 /home/hassan/Projects/php/inter/vendor/laravel/framework/src/Illuminate/Routing/Router.php(625): Illuminate\\Routing\\Router->dispatchToRoute()
#16 /home/hassan/Projects/php/inter/vendor/laravel/framework/src/Illuminate/Foundation/Http/Kernel.php(166): Illuminate\\Routing\\Router->dispatch()
#17 /home/hassan/Projects/php/inter/vendor/laravel/framework/src/Illuminate/Pipeline/Pipeline.php(128): Illuminate\\Foundation\\Http\\Kernel->Illuminate\\Foundation\\Http\\{closure}()
#18 /home/hassan/Projects/php/inter/vendor/laravel/framework/src/Illuminate/Foundation/Http/Middleware/ValidatePostSize.php(27): Illuminate\\Pipeline\\Pipeline->Illuminate\\Pipeline\\{closure}()
#19 /home/hassan/Projects/php/inter/vendor/laravel/framework/src/Illuminate/Pipeline/Pipeline.php(167): Illuminate\\Foundation\\Http\\Middleware\\ValidatePostSize->handle()
#20 /home/hassan/Projects/php/inter/vendor/laravel/framework/src/Illuminate/Foundation/Http/Middleware/TransformsRequest.php(21): Illuminate\\Pipeline\\Pipeline->Illuminate\\Pipeline\\{closure}()
#21 /home/hassan/Projects/php/inter/vendor/laravel/framework/src/Illuminate/Foundation/Http/Middleware/TrimStrings.php(40): Illuminate\\Foundation\\Http\\Middleware\\TransformsRequest->handle()
#22 /home/hassan/Projects/php/inter/vendor/laravel/framework/src/Illuminate/Pipeline/Pipeline.php(167): Illuminate\\Foundation\\Http\\Middleware\\TrimStrings->handle()
#23 /home/hassan/Projects/php/inter/vendor/laravel/framework/src/Illuminate/Foundation/Http/Middleware/TransformsRequest.php(21): Illuminate\\Pipeline\\Pipeline->Illuminate\\Pipeline\\{closure}()
#24 /home/hassan/Projects/php/inter/vendor/laravel/framework/src/Illuminate/Foundation/Http/Middleware/ConvertEmptyStringsToNull.php(31): Illuminate\\Foundation\\Http\\Middleware\\TransformsRequest->handle()
#25 /home/hassan/Projects/php/inter/vendor/laravel/framework/src/Illuminate/Pipeline/Pipeline.php(167): Illuminate\\Foundation\\Http\\Middleware\\ConvertEmptyStringsToNull->handle()
#26 /home/hassan/Projects/php/inter/vendor/laravel/framework/src/Illuminate/Foundation/Http/Middleware/PreventRequestsDuringMaintenance.php(86): Illuminate\\Pipeline\\Pipeline->Illuminate\\Pipeline\\{closure}()
#27 /home/hassan/Projects/php/inter/vendor/laravel/framework/src/Illuminate/Pipeline/Pipeline.php(167): Illuminate\\Foundation\\Http\\Middleware\\PreventRequestsDuringMaintenance->handle()
#28 /home/hassan/Projects/php/inter/vendor/fruitcake/laravel-cors/src/HandleCors.php(52): Illuminate\\Pipeline\\Pipeline->Illuminate\\Pipeline\\{closure}()
#29 /home/hassan/Projects/php/inter/vendor/laravel/framework/src/Illuminate/Pipeline/Pipeline.php(167): Fruitcake\\Cors\\HandleCors->handle()
#30 /home/hassan/Projects/php/inter/vendor/fideloper/proxy/src/TrustProxies.php(57): Illuminate\\Pipeline\\Pipeline->Illuminate\\Pipeline\\{closure}()
#31 /home/hassan/Projects/php/inter/vendor/laravel/framework/src/Illuminate/Pipeline/Pipeline.php(167): Fideloper\\Proxy\\TrustProxies->handle()
#32 /home/hassan/Projects/php/inter/vendor/laravel/framework/src/Illuminate/Pipeline/Pipeline.php(103): Illuminate\\Pipeline\\Pipeline->Illuminate\\Pipeline\\{closure}()
#33 /home/hassan/Projects/php/inter/vendor/laravel/framework/src/Illuminate/Foundation/Http/Kernel.php(141): Illuminate\\Pipeline\\Pipeline->then()
#34 /home/hassan/Projects/php/inter/vendor/laravel/framework/src/Illuminate/Foundation/Http/Kernel.php(110): Illuminate\\Foundation\\Http\\Kernel->sendRequestThroughRouter()
#35 /home/hassan/Projects/php/inter/public/index.php(71): Illuminate\\Foundation\\Http\\Kernel->handle()
#36 /home/hassan/.config/composer/vendor/cpriego/valet-linux/server.php(232): require('/home/hassan/Pr...')
#37 {main}
"} 
